\BOOKMARK [0][-]{chapter*.8}{\376\377\000G\001\060\000R\001\060\001\136}{}% 1
\BOOKMARK [0][-]{chapter.1}{\376\377\000B\000\366\000l\000\374\000m\000\040\0001\000:\000\040\000D\000E\001\036\001\060\001\136\001\060\000M\000\040\000N\000O\000K\000T\000A\000S\000I}{}% 2
\BOOKMARK [1][-]{section.1.1}{\376\377\000T\000E\000K\000\040\000D\000E\001\036\001\060\001\136\001\060\000M\000\040\000N\000O\000K\000T\000A\000S\000I\000\040\000T\000E\000S\000P\001\060\000T\001\060}{chapter.1}% 3
\BOOKMARK [1][-]{section.1.2}{\376\377\000L\000i\000n\000e\000\040\000b\000r\000e\000a\000k\000s}{chapter.1}% 4
\BOOKMARK [1][-]{section.1.3}{\376\377\000I\000n\000l\000i\000n\000e\000\040\000c\000o\000d\000e}{chapter.1}% 5
\BOOKMARK [1][-]{section.1.4}{\376\377\000I\000n\000c\000l\000u\000d\000i\000n\000g\000\040\000p\000l\000o\000t\000s}{chapter.1}% 6
\BOOKMARK [0][-]{chapter.2}{\376\377\000B\000\366\000l\000\374\000m\000\040\0002\000:\000\040\000M\000a\000t\000h\000e\000m\000a\000t\000i\000c\000s\000\040\000a\000n\000d\000\040\000S\000c\000i\000e\000n\000c\000e}{}% 7
\BOOKMARK [1][-]{section.2.1}{\376\377\000M\000a\000t\000h}{chapter.2}% 8
\BOOKMARK [1][-]{section.2.2}{\376\377\000B\001\060\000R\000D\000E\000N\000\040\000F\000A\000Z\000L\000A\000\040\000D\000E\001\036\001\060\001\136\001\060\000M\000\040\000N\000O\000K\000T\000A\000S\000I\000\040\000T\000E\000S\000P\001\060\000T\001\060\000\040\000\050\000M\000U\000L\000T\000I\000\040\000C\000H\000A\000N\000G\000E\000\040\000P\000O\000I\000N\000T\000\040\000D\000E\000T\000E\000C\000T\000I\000O\000N\000\051}{chapter.2}% 9
\BOOKMARK [2][-]{subsection.2.2.1}{\376\377\001\060\000k\000i\000l\000i\000\040\000S\000e\000g\000m\000e\000n\000t\000a\000s\000y\000o\000n\000\040\000A\000l\000g\000o\000r\000i\000t\000m\000a\000s\001\061}{section.2.2}% 10
\BOOKMARK [2][-]{subsection.2.2.2}{\376\377\000P\000E\000L\000T}{section.2.2}% 11
\BOOKMARK [2][-]{subsection.2.2.3}{\376\377\000P\000a\000r\000\347\000a\000l\001\061\000\040\000R\000e\000g\000r\000e\000s\000y\000o\000n}{section.2.2}% 12
\BOOKMARK [2][-]{subsection.2.2.4}{\376\377\000O\000t\000h\000e\000r\000\040\000e\000x\000a\000m\000p\000l\000e\000s\000\040\000o\000f\000\040\000r\000e\000a\000c\000t\000i\000o\000n\000s}{section.2.2}% 13
\BOOKMARK [0][-]{chapter.3}{\376\377\000B\000\366\000l\000\374\000m\000\040\0003\000:\000\040\000B\000\366\000l\000\374\000m\000\040\0003\000\040\000B\000a\001\137\000l\001\061\000k}{}% 14
\BOOKMARK [1][-]{section.3.1}{\376\377\000B\000u\000\040\000b\000i\000r\000\040\000a\000l\000t\000\040\000b\000a\001\137\000l\001\061\000k}{chapter.3}% 15
\BOOKMARK [2][-]{subsection.3.1.1}{\376\377\000B\000u\000\040\000i\000k\000i\000n\000c\000i\000\040\000s\000e\000v\000i\000y\000e\000\040\000b\000i\000r\000\040\000a\000l\000t\000\040\000b\000a\001\137\000l\001\061\000k}{section.3.1}% 16
\BOOKMARK [0][-]{chapter.4}{\376\377\000B\000\366\000l\000\374\000m\000\040\0004\000:\000\040\000B\000\366\000l\000\374\000m\000\040\0004\000\040\000B\000a\001\137\000l\001\061\000k}{}% 17
\BOOKMARK [1][-]{section.4.1}{\376\377\000B\000u\000\040\000b\000i\000r\000\040\000a\000l\000t\000\040\000b\000a\001\137\000l\001\061\000k}{chapter.4}% 18
\BOOKMARK [2][-]{subsection.4.1.1}{\376\377\000B\000u\000\040\000i\000k\000i\000n\000c\000i\000\040\000s\000e\000v\000i\000y\000e\000\040\000b\000i\000r\000\040\000a\000l\000t\000\040\000b\000a\001\137\000l\001\061\000k}{section.4.1}% 19
\BOOKMARK [0][-]{chapter*.9}{\376\377\000S\000o\000n\000u\000\347}{}% 20
\BOOKMARK [0][-]{chapter*.10}{\376\377\000K\000a\000y\000n\000a\000k\000l\000a\000r}{}% 21
\BOOKMARK [0][-]{appendix.A}{\376\377\000E\000k\000\040\000A\000:\000\040\001\060\000l\000k\000\040\000E\000k\000\040\000B\000a\001\137\000l\001\061\001\037\001\061}{}% 22
\BOOKMARK [0][-]{appendix.B}{\376\377\000E\000k\000\040\000B\000:\000\040\001\060\000k\000i\000n\000c\000i\000\040\000E\000k\000\040\000B\000a\001\137\000l\001\061\001\037\001\061}{}% 23
