This is pdfTeX, Version 3.141592653-2.6-1.40.26 (TeX Live 2024) (preloaded format=pdflatex 2024.5.20)  20 MAY 2024 09:58
entering extended mode
 restricted \write18 enabled.
 %&-line parsing enabled.
**BP_Rapor.tex
(./BP_Rapor.tex
LaTeX2e <2023-11-01> patch level 1
L3 programming layer <2024-04-11>
(./deuthesis.cls
Document Class: deuthesis 2018/11/24
(c:/Users/ahmet/AppData/Roaming/TinyTeX/texmf-dist/tex/latex/base/book.cls
Document Class: book 2023/05/17 v1.4n Standard LaTeX document class
(c:/Users/ahmet/AppData/Roaming/TinyTeX/texmf-dist/tex/latex/base/bk12.clo
File: bk12.clo 2023/05/17 v1.4n Standard LaTeX file (size option)
)
\c@part=\count189
\c@chapter=\count190
\c@section=\count191
\c@subsection=\count192
\c@subsubsection=\count193
\c@paragraph=\count194
\c@subparagraph=\count195
\c@figure=\count196
\c@table=\count197
\abovecaptionskip=\skip48
\belowcaptionskip=\skip49
\bibindent=\dimen140
) (c:/Users/ahmet/AppData/Roaming/TinyTeX/texmf-dist/tex/latex/fancyhdr/fancyhdr.sty
Package: fancyhdr 2024/04/23 v4.2 Extensive control of page headers and footers
\f@nch@headwidth=\skip50
\f@nch@O@elh=\skip51
\f@nch@O@erh=\skip52
\f@nch@O@olh=\skip53
\f@nch@O@orh=\skip54
\f@nch@O@elf=\skip55
\f@nch@O@erf=\skip56
\f@nch@O@olf=\skip57
\f@nch@O@orf=\skip58
) (c:/Users/ahmet/AppData/Roaming/TinyTeX/texmf-dist/tex/latex/fancyvrb/fancyvrb.sty
Package: fancyvrb 2024/01/20 4.5c verbatim text (tvz,hv)
(c:/Users/ahmet/AppData/Roaming/TinyTeX/texmf-dist/tex/latex/graphics/keyval.sty
Package: keyval 2022/05/29 v1.15 key=value parser (DPC)
\KV@toks@=\toks17
)
\FV@CodeLineNo=\count198
\FV@InFile=\read2
\FV@TabBox=\box51
\c@FancyVerbLine=\count199
\FV@StepNumber=\count266
\FV@OutFile=\write3
) (c:/Users/ahmet/AppData/Roaming/TinyTeX/texmf-dist/tex/generic/iftex/ifxetex.sty
Package: ifxetex 2019/10/25 v0.7 ifxetex legacy package. Use iftex instead.
(c:/Users/ahmet/AppData/Roaming/TinyTeX/texmf-dist/tex/generic/iftex/iftex.sty
Package: iftex 2022/02/03 v1.0f TeX engine tests
)) (c:/Users/ahmet/AppData/Roaming/TinyTeX/texmf-dist/tex/generic/iftex/ifluatex.sty
Package: ifluatex 2019/10/25 v1.5 ifluatex legacy package. Use iftex instead.
) (c:/Users/ahmet/AppData/Roaming/TinyTeX/texmf-dist/tex/latex/base/fixltx2e.sty
Package: fixltx2e 2016/12/29 v2.1a fixes to LaTeX (obsolete)
Applying: [2015/01/01] Old fixltx2e package on input line 46.

Package fixltx2e Warning: fixltx2e is not required with releases after 2015
(fixltx2e)                All fixes are now in the LaTeX kernel.
(fixltx2e)                See the latexrelease package for details.

Already applied: [0000/00/00] Old fixltx2e package on input line 53.
) (c:/Users/ahmet/AppData/Roaming/TinyTeX/texmf-dist/tex/latex/base/fontenc.sty
Package: fontenc 2021/04/29 v2.0v Standard LaTeX package
) (c:/Users/ahmet/AppData/Roaming/TinyTeX/texmf-dist/tex/generic/babel/babel.sty
Package: babel 2024/05/18 v24.5 The Babel package
\babel@savecnt=\count267
\U@D=\dimen141
\l@unhyphenated=\language9
(c:/Users/ahmet/AppData/Roaming/TinyTeX/texmf-dist/tex/generic/babel/txtbabel.def)
\bbl@readstream=\read3
\bbl@dirlevel=\count268
(c:/Users/ahmet/AppData/Roaming/TinyTeX/texmf-dist/tex/generic/babel-turkish/turkish.ldf
Language: turkish 2019/07/05 v1.4 Turkish support from the babel system
Package babel Info: Making : an active character on input line 163.
Package babel Info: Making ! an active character on input line 164.
Package babel Info: Making = an active character on input line 194.
)) (c:/Users/ahmet/AppData/Roaming/TinyTeX/texmf-dist/tex/generic/babel/locale/tr/babel-turkish.tex
Package babel Info: Importing font and identification data for turkish
(babel)             from babel-tr.ini. Reported on input line 11.
) (c:/Users/ahmet/AppData/Roaming/TinyTeX/texmf-dist/tex/latex/base/inputenc.sty
Package: inputenc 2021/02/14 v1.3d Input encoding file
\inpenc@prehook=\toks18
\inpenc@posthook=\toks19
) (c:/Users/ahmet/AppData/Roaming/TinyTeX/texmf-dist/tex/latex/upquote/upquote.sty
Package: upquote 2012/04/19 v1.3 upright-quote and grave-accent glyphs in verbatim
(c:/Users/ahmet/AppData/Roaming/TinyTeX/texmf-dist/tex/latex/base/textcomp.sty
Package: textcomp 2020/02/02 v2.0n Standard LaTeX package
)) (c:/Users/ahmet/AppData/Roaming/TinyTeX/texmf-dist/tex/latex/microtype/microtype.sty
Package: microtype 2024/03/29 v3.1b Micro-typographical refinements (RS)
(c:/Users/ahmet/AppData/Roaming/TinyTeX/texmf-dist/tex/latex/etoolbox/etoolbox.sty
Package: etoolbox 2020/10/05 v2.5k e-TeX tools for LaTeX (JAW)
\etb@tempcnta=\count269
)
\MT@toks=\toks20
\MT@tempbox=\box52
\MT@count=\count270
LaTeX Info: Redefining \noprotrusionifhmode on input line 1061.
LaTeX Info: Redefining \leftprotrusion on input line 1062.
\MT@prot@toks=\toks21
LaTeX Info: Redefining \rightprotrusion on input line 1081.
LaTeX Info: Redefining \textls on input line 1392.
\MT@outer@kern=\dimen142
LaTeX Info: Redefining \textmicrotypecontext on input line 2013.
\MT@listname@count=\count271
(c:/Users/ahmet/AppData/Roaming/TinyTeX/texmf-dist/tex/latex/microtype/microtype-pdftex.def
File: microtype-pdftex.def 2024/03/29 v3.1b Definitions specific to pdftex (RS)
LaTeX Info: Redefining \lsstyle on input line 902.
LaTeX Info: Redefining \lslig on input line 902.
\MT@outer@space=\skip59
)
Package microtype Info: Loading configuration file microtype.cfg.
(c:/Users/ahmet/AppData/Roaming/TinyTeX/texmf-dist/tex/latex/microtype/microtype.cfg
File: microtype.cfg 2024/03/29 v3.1b microtype main configuration file (RS)
)) (c:/Users/ahmet/AppData/Roaming/TinyTeX/texmf-dist/tex/latex/graphics/color.sty
Package: color 2022/01/06 v1.3d Standard LaTeX Color (DPC)
(c:/Users/ahmet/AppData/Roaming/TinyTeX/texmf-dist/tex/latex/graphics-cfg/color.cfg
File: color.cfg 2016/01/02 v1.6 sample color configuration
)
Package color Info: Driver file: pdftex.def on input line 149.
(c:/Users/ahmet/AppData/Roaming/TinyTeX/texmf-dist/tex/latex/graphics-def/pdftex.def
File: pdftex.def 2024/04/13 v1.2c Graphics/color driver for pdftex
) (c:/Users/ahmet/AppData/Roaming/TinyTeX/texmf-dist/tex/latex/graphics/mathcolor.ltx)) (c:/Users/ahmet/AppData/Roaming/TinyTeX/texmf-dist/tex/latex/framed/framed.sty
Package: framed 2011/10/22 v 0.96: framed or shaded text with page breaks
\OuterFrameSep=\skip60
\fb@frw=\dimen143
\fb@frh=\dimen144
\FrameRule=\dimen145
\FrameSep=\dimen146
) (c:/Users/ahmet/AppData/Roaming/TinyTeX/texmf-dist/tex/latex/graphics/graphicx.sty
Package: graphicx 2021/09/16 v1.2d Enhanced LaTeX Graphics (DPC,SPQR)
(c:/Users/ahmet/AppData/Roaming/TinyTeX/texmf-dist/tex/latex/graphics/graphics.sty
Package: graphics 2022/03/10 v1.4e Standard LaTeX Graphics (DPC,SPQR)
(c:/Users/ahmet/AppData/Roaming/TinyTeX/texmf-dist/tex/latex/graphics/trig.sty
Package: trig 2021/08/11 v1.11 sin cos tan (DPC)
) (c:/Users/ahmet/AppData/Roaming/TinyTeX/texmf-dist/tex/latex/graphics-cfg/graphics.cfg
File: graphics.cfg 2016/06/04 v1.11 sample graphics configuration
)
Package graphics Info: Driver file: pdftex.def on input line 107.
)
\Gin@req@height=\dimen147
\Gin@req@width=\dimen148
)) (c:/Users/ahmet/AppData/Roaming/TinyTeX/texmf-dist/tex/latex/base/latexsym.sty
Package: latexsym 1998/08/17 v2.2e Standard LaTeX package (lasy symbols)
\symlasy=\mathgroup4
LaTeX Font Info:    Overwriting symbol font `lasy' in version `bold'
(Font)                  U/lasy/m/n --> U/lasy/b/n on input line 52.
) (c:/Users/ahmet/AppData/Roaming/TinyTeX/texmf-dist/tex/latex/amsmath/amsmath.sty
Package: amsmath 2023/05/13 v2.17o AMS math features
\@mathmargin=\skip61
For additional information on amsmath, use the `?' option.
(c:/Users/ahmet/AppData/Roaming/TinyTeX/texmf-dist/tex/latex/amsmath/amstext.sty
Package: amstext 2021/08/26 v2.01 AMS text
(c:/Users/ahmet/AppData/Roaming/TinyTeX/texmf-dist/tex/latex/amsmath/amsgen.sty
File: amsgen.sty 1999/11/30 v2.0 generic functions
\@emptytoks=\toks22
\ex@=\dimen149
)) (c:/Users/ahmet/AppData/Roaming/TinyTeX/texmf-dist/tex/latex/amsmath/amsbsy.sty
Package: amsbsy 1999/11/29 v1.2d Bold Symbols
\pmbraise@=\dimen150
) (c:/Users/ahmet/AppData/Roaming/TinyTeX/texmf-dist/tex/latex/amsmath/amsopn.sty
Package: amsopn 2022/04/08 v2.04 operator names
)
\inf@bad=\count272
LaTeX Info: Redefining \frac on input line 234.
\uproot@=\count273
\leftroot@=\count274
LaTeX Info: Redefining \overline on input line 399.
LaTeX Info: Redefining \colon on input line 410.
\classnum@=\count275
\DOTSCASE@=\count276
LaTeX Info: Redefining \ldots on input line 496.
LaTeX Info: Redefining \dots on input line 499.
LaTeX Info: Redefining \cdots on input line 620.
\Mathstrutbox@=\box53
\strutbox@=\box54
LaTeX Info: Redefining \big on input line 722.
LaTeX Info: Redefining \Big on input line 723.
LaTeX Info: Redefining \bigg on input line 724.
LaTeX Info: Redefining \Bigg on input line 725.
\big@size=\dimen151
LaTeX Font Info:    Redeclaring font encoding OML on input line 743.
LaTeX Font Info:    Redeclaring font encoding OMS on input line 744.
\macc@depth=\count277
LaTeX Info: Redefining \bmod on input line 905.
LaTeX Info: Redefining \pmod on input line 910.
LaTeX Info: Redefining \smash on input line 940.
LaTeX Info: Redefining \relbar on input line 970.
LaTeX Info: Redefining \Relbar on input line 971.
\c@MaxMatrixCols=\count278
\dotsspace@=\muskip16
\c@parentequation=\count279
\dspbrk@lvl=\count280
\tag@help=\toks23
\row@=\count281
\column@=\count282
\maxfields@=\count283
\andhelp@=\toks24
\eqnshift@=\dimen152
\alignsep@=\dimen153
\tagshift@=\dimen154
\tagwidth@=\dimen155
\totwidth@=\dimen156
\lineht@=\dimen157
\@envbody=\toks25
\multlinegap=\skip62
\multlinetaggap=\skip63
\mathdisplay@stack=\toks26
LaTeX Info: Redefining \[ on input line 2953.
LaTeX Info: Redefining \] on input line 2954.
) (c:/Users/ahmet/AppData/Roaming/TinyTeX/texmf-dist/tex/latex/amsfonts/amssymb.sty
Package: amssymb 2013/01/14 v3.01 AMS font symbols
(c:/Users/ahmet/AppData/Roaming/TinyTeX/texmf-dist/tex/latex/amsfonts/amsfonts.sty
Package: amsfonts 2013/01/14 v3.01 Basic AMSFonts support
\symAMSa=\mathgroup5
\symAMSb=\mathgroup6
LaTeX Font Info:    Redeclaring math symbol \hbar on input line 98.
LaTeX Font Info:    Overwriting math alphabet `\mathfrak' in version `bold'
(Font)                  U/euf/m/n --> U/euf/b/n on input line 106.
)) (c:/Users/ahmet/AppData/Roaming/TinyTeX/texmf-dist/tex/latex/amscls/amsthm.sty
Package: amsthm 2020/05/29 v2.20.6
\thm@style=\toks27
\thm@bodyfont=\toks28
\thm@headfont=\toks29
\thm@notefont=\toks30
\thm@headpunct=\toks31
\thm@preskip=\skip64
\thm@postskip=\skip65
\thm@headsep=\skip66
\dth@everypar=\toks32
) (c:/Users/ahmet/AppData/Roaming/TinyTeX/texmf-dist/tex/latex/tools/longtable.sty
Package: longtable 2023-11-01 v4.19 Multi-page Table package (DPC)
\LTleft=\skip67
\LTright=\skip68
\LTpre=\skip69
\LTpost=\skip70
\LTchunksize=\count284
\LTcapwidth=\dimen158
\LT@head=\box55
\LT@firsthead=\box56
\LT@foot=\box57
\LT@lastfoot=\box58
\LT@gbox=\box59
\LT@cols=\count285
\LT@rows=\count286
\c@LT@tables=\count287
\c@LT@chunks=\count288
\LT@p@ftn=\toks33
) (c:/Users/ahmet/AppData/Roaming/TinyTeX/texmf-dist/tex/latex/booktabs/booktabs.sty
Package: booktabs 2020/01/12 v1.61803398 Publication quality tables
\heavyrulewidth=\dimen159
\lightrulewidth=\dimen160
\cmidrulewidth=\dimen161
\belowrulesep=\dimen162
\belowbottomsep=\dimen163
\aboverulesep=\dimen164
\abovetopsep=\dimen165
\cmidrulesep=\dimen166
\cmidrulekern=\dimen167
\defaultaddspace=\dimen168
\@cmidla=\count289
\@cmidlb=\count290
\@aboverulesep=\dimen169
\@belowrulesep=\dimen170
\@thisruleclass=\count291
\@lastruleclass=\count292
\@thisrulewidth=\dimen171
) (c:/Users/ahmet/AppData/Roaming/TinyTeX/texmf-dist/tex/latex/setspace/setspace.sty
Package: setspace 2022/12/04 v6.7b set line spacing
) (./chemarr.sty
Package: chemarr 2001/06/22 v1.1 Chemical reaction arrows (HO)
) (c:/Users/ahmet/AppData/Roaming/TinyTeX/texmf-dist/tex/latex/url/url.sty
\Urlmuskip=\muskip17
Package: url 2013/09/16  ver 3.4  Verb mode for urls, etc.
) (c:/Users/ahmet/AppData/Roaming/TinyTeX/texmf-dist/tex/latex/hyperref/hyperref.sty
Package: hyperref 2024-01-20 v7.01h Hypertext links for LaTeX
(c:/Users/ahmet/AppData/Roaming/TinyTeX/texmf-dist/tex/latex/kvsetkeys/kvsetkeys.sty
Package: kvsetkeys 2022-10-05 v1.19 Key value parser (HO)
) (c:/Users/ahmet/AppData/Roaming/TinyTeX/texmf-dist/tex/generic/kvdefinekeys/kvdefinekeys.sty
Package: kvdefinekeys 2019-12-19 v1.6 Define keys (HO)
) (c:/Users/ahmet/AppData/Roaming/TinyTeX/texmf-dist/tex/generic/pdfescape/pdfescape.sty
Package: pdfescape 2019/12/09 v1.15 Implements pdfTeX's escape features (HO)
(c:/Users/ahmet/AppData/Roaming/TinyTeX/texmf-dist/tex/generic/ltxcmds/ltxcmds.sty
Package: ltxcmds 2023-12-04 v1.26 LaTeX kernel commands for general use (HO)
) (c:/Users/ahmet/AppData/Roaming/TinyTeX/texmf-dist/tex/generic/pdftexcmds/pdftexcmds.sty
Package: pdftexcmds 2020-06-27 v0.33 Utility functions of pdfTeX for LuaTeX (HO)
(c:/Users/ahmet/AppData/Roaming/TinyTeX/texmf-dist/tex/generic/infwarerr/infwarerr.sty
Package: infwarerr 2019/12/03 v1.5 Providing info/warning/error messages (HO)
)
Package pdftexcmds Info: \pdf@primitive is available.
Package pdftexcmds Info: \pdf@ifprimitive is available.
Package pdftexcmds Info: \pdfdraftmode found.
)) (c:/Users/ahmet/AppData/Roaming/TinyTeX/texmf-dist/tex/latex/hycolor/hycolor.sty
Package: hycolor 2020-01-27 v1.10 Color options for hyperref/bookmark (HO)
) (c:/Users/ahmet/AppData/Roaming/TinyTeX/texmf-dist/tex/latex/auxhook/auxhook.sty
Package: auxhook 2019-12-17 v1.6 Hooks for auxiliary files (HO)
) (c:/Users/ahmet/AppData/Roaming/TinyTeX/texmf-dist/tex/latex/hyperref/nameref.sty
Package: nameref 2023-11-26 v2.56 Cross-referencing by name of section
(c:/Users/ahmet/AppData/Roaming/TinyTeX/texmf-dist/tex/latex/refcount/refcount.sty
Package: refcount 2019/12/15 v3.6 Data extraction from label references (HO)
) (c:/Users/ahmet/AppData/Roaming/TinyTeX/texmf-dist/tex/generic/gettitlestring/gettitlestring.sty
Package: gettitlestring 2019/12/15 v1.6 Cleanup title references (HO)
(c:/Users/ahmet/AppData/Roaming/TinyTeX/texmf-dist/tex/latex/kvoptions/kvoptions.sty
Package: kvoptions 2022-06-15 v3.15 Key value format for package options (HO)
))
\c@section@level=\count293
)
\@linkdim=\dimen172
\Hy@linkcounter=\count294
\Hy@pagecounter=\count295
(c:/Users/ahmet/AppData/Roaming/TinyTeX/texmf-dist/tex/latex/hyperref/pd1enc.def
File: pd1enc.def 2024-01-20 v7.01h Hyperref: PDFDocEncoding definition (HO)
Now handling font encoding PD1 ...
... no UTF-8 mapping file for font encoding PD1
) (c:/Users/ahmet/AppData/Roaming/TinyTeX/texmf-dist/tex/generic/intcalc/intcalc.sty
Package: intcalc 2019/12/15 v1.3 Expandable calculations with integers (HO)
)
\Hy@SavedSpaceFactor=\count296
(c:/Users/ahmet/AppData/Roaming/TinyTeX/texmf-dist/tex/latex/hyperref/puenc.def
File: puenc.def 2024-01-20 v7.01h Hyperref: PDF Unicode definition (HO)
Now handling font encoding PU ...
... no UTF-8 mapping file for font encoding PU
)
Package hyperref Info: Hyper figures OFF on input line 4179.
Package hyperref Info: Link nesting OFF on input line 4184.
Package hyperref Info: Hyper index ON on input line 4187.
Package hyperref Info: Plain pages OFF on input line 4194.
Package hyperref Info: Backreferencing OFF on input line 4199.
Package hyperref Info: Implicit mode ON; LaTeX internals redefined.
Package hyperref Info: Bookmarks ON on input line 4446.
\c@Hy@tempcnt=\count297
LaTeX Info: Redefining \url on input line 4784.
\XeTeXLinkMargin=\dimen173
(c:/Users/ahmet/AppData/Roaming/TinyTeX/texmf-dist/tex/generic/bitset/bitset.sty
Package: bitset 2019/12/09 v1.3 Handle bit-vector datatype (HO)
(c:/Users/ahmet/AppData/Roaming/TinyTeX/texmf-dist/tex/generic/bigintcalc/bigintcalc.sty
Package: bigintcalc 2019/12/15 v1.5 Expandable calculations on big integers (HO)
))
\Fld@menulength=\count298
\Field@Width=\dimen174
\Fld@charsize=\dimen175
Package hyperref Info: Hyper figures OFF on input line 6063.
Package hyperref Info: Link nesting OFF on input line 6068.
Package hyperref Info: Hyper index ON on input line 6071.
Package hyperref Info: backreferencing OFF on input line 6078.
Package hyperref Info: Link coloring OFF on input line 6083.
Package hyperref Info: Link coloring with OCG OFF on input line 6088.
Package hyperref Info: PDF/A mode OFF on input line 6093.
(c:/Users/ahmet/AppData/Roaming/TinyTeX/texmf-dist/tex/latex/base/atbegshi-ltx.sty
Package: atbegshi-ltx 2021/01/10 v1.0c Emulation of the original atbegshi
package with kernel methods
)
\Hy@abspage=\count299
\c@Item=\count300
\c@Hfootnote=\count301
)
Package hyperref Info: Driver (autodetected): hpdftex.
(c:/Users/ahmet/AppData/Roaming/TinyTeX/texmf-dist/tex/latex/hyperref/hpdftex.def
File: hpdftex.def 2024-01-20 v7.01h Hyperref driver for pdfTeX
(c:/Users/ahmet/AppData/Roaming/TinyTeX/texmf-dist/tex/latex/base/atveryend-ltx.sty
Package: atveryend-ltx 2020/08/19 v1.0a Emulation of the original atveryend package
with kernel methods
)
\Fld@listcount=\count302
\c@bookmark@seq@number=\count303
(c:/Users/ahmet/AppData/Roaming/TinyTeX/texmf-dist/tex/latex/rerunfilecheck/rerunfilecheck.sty
Package: rerunfilecheck 2022-07-10 v1.10 Rerun checks for auxiliary files (HO)
(c:/Users/ahmet/AppData/Roaming/TinyTeX/texmf-dist/tex/generic/uniquecounter/uniquecounter.sty
Package: uniquecounter 2019/12/15 v1.4 Provide unlimited unique counter (HO)
)
Package uniquecounter Info: New unique counter `rerunfilecheck' on input line 285.
)
\Hy@SectionHShift=\skip71
) (c:/Users/ahmet/AppData/Roaming/TinyTeX/texmf-dist/tex/latex/lm/lmodern.sty
Package: lmodern 2015/05/01 v1.6.1 Latin Modern Fonts
LaTeX Font Info:    Overwriting symbol font `operators' in version `normal'
(Font)                  OT1/cmr/m/n --> OT1/lmr/m/n on input line 22.
LaTeX Font Info:    Overwriting symbol font `letters' in version `normal'
(Font)                  OML/cmm/m/it --> OML/lmm/m/it on input line 23.
LaTeX Font Info:    Overwriting symbol font `symbols' in version `normal'
(Font)                  OMS/cmsy/m/n --> OMS/lmsy/m/n on input line 24.
LaTeX Font Info:    Overwriting symbol font `largesymbols' in version `normal'
(Font)                  OMX/cmex/m/n --> OMX/lmex/m/n on input line 25.
LaTeX Font Info:    Overwriting symbol font `operators' in version `bold'
(Font)                  OT1/cmr/bx/n --> OT1/lmr/bx/n on input line 26.
LaTeX Font Info:    Overwriting symbol font `letters' in version `bold'
(Font)                  OML/cmm/b/it --> OML/lmm/b/it on input line 27.
LaTeX Font Info:    Overwriting symbol font `symbols' in version `bold'
(Font)                  OMS/cmsy/b/n --> OMS/lmsy/b/n on input line 28.
LaTeX Font Info:    Overwriting symbol font `largesymbols' in version `bold'
(Font)                  OMX/cmex/m/n --> OMX/lmex/m/n on input line 29.
LaTeX Font Info:    Overwriting math alphabet `\mathbf' in version `normal'
(Font)                  OT1/cmr/bx/n --> OT1/lmr/bx/n on input line 31.
LaTeX Font Info:    Overwriting math alphabet `\mathsf' in version `normal'
(Font)                  OT1/cmss/m/n --> OT1/lmss/m/n on input line 32.
LaTeX Font Info:    Overwriting math alphabet `\mathit' in version `normal'
(Font)                  OT1/cmr/m/it --> OT1/lmr/m/it on input line 33.
LaTeX Font Info:    Overwriting math alphabet `\mathtt' in version `normal'
(Font)                  OT1/cmtt/m/n --> OT1/lmtt/m/n on input line 34.
LaTeX Font Info:    Overwriting math alphabet `\mathbf' in version `bold'
(Font)                  OT1/cmr/bx/n --> OT1/lmr/bx/n on input line 35.
LaTeX Font Info:    Overwriting math alphabet `\mathsf' in version `bold'
(Font)                  OT1/cmss/bx/n --> OT1/lmss/bx/n on input line 36.
LaTeX Font Info:    Overwriting math alphabet `\mathit' in version `bold'
(Font)                  OT1/cmr/bx/it --> OT1/lmr/bx/it on input line 37.
LaTeX Font Info:    Overwriting math alphabet `\mathtt' in version `bold'
(Font)                  OT1/cmtt/m/n --> OT1/lmtt/m/n on input line 38.
) (c:/Users/ahmet/AppData/Roaming/TinyTeX/texmf-dist/tex/latex/float/float.sty
Package: float 2001/11/08 v1.3d Float enhancements (AL)
\c@float@type=\count304
\float@exts=\toks34
\float@box=\box60
\@float@everytoks=\toks35
\@floatcapt=\box61
) (c:/Users/ahmet/AppData/Roaming/TinyTeX/texmf-dist/tex/latex/graphics/rotating.sty
Package: rotating 2016/08/11 v2.16d rotated objects in LaTeX
(c:/Users/ahmet/AppData/Roaming/TinyTeX/texmf-dist/tex/latex/base/ifthen.sty
Package: ifthen 2022/04/13 v1.1d Standard LaTeX ifthen package (DPC)
)
\c@r@tfl@t=\count305
\rotFPtop=\skip72
\rotFPbot=\skip73
\rot@float@box=\box62
\rot@mess@toks=\toks36
) (c:/Users/ahmet/AppData/Roaming/TinyTeX/texmf-dist/tex/latex/tools/calc.sty
Package: calc 2023/07/08 v4.3 Infix arithmetic (KKT,FJ)
\calc@Acount=\count306
\calc@Bcount=\count307
\calc@Adimen=\dimen176
\calc@Bdimen=\dimen177
\calc@Askip=\skip74
\calc@Bskip=\skip75
LaTeX Info: Redefining \setlength on input line 80.
LaTeX Info: Redefining \addtolength on input line 81.
\calc@Ccount=\count308
\calc@Cskip=\skip76
) (c:/Users/ahmet/AppData/Roaming/TinyTeX/texmf-dist/tex/latex/caption/caption.sty
Package: caption 2023/08/05 v3.6o Customizing captions (AR)
(c:/Users/ahmet/AppData/Roaming/TinyTeX/texmf-dist/tex/latex/caption/caption3.sty
Package: caption3 2023/07/31 v2.4d caption3 kernel (AR)
\caption@tempdima=\dimen178
\captionmargin=\dimen179
\caption@leftmargin=\dimen180
\caption@rightmargin=\dimen181
\caption@width=\dimen182
\caption@indent=\dimen183
\caption@parindent=\dimen184
\caption@hangindent=\dimen185
Package caption Info: Standard document class detected.
)
\c@caption@flags=\count309
\c@continuedfloat=\count310
Package caption Info: float package is loaded.
Package caption Info: hyperref package is loaded.
Package caption Info: longtable package is loaded.
(c:/Users/ahmet/AppData/Roaming/TinyTeX/texmf-dist/tex/latex/caption/ltcaption.sty
Package: ltcaption 2021/01/08 v1.4c longtable captions (AR)
)
Package caption Info: rotating package is loaded.
) (c:/Users/ahmet/AppData/Roaming/TinyTeX/texmf-dist/tex/latex/tools/array.sty
Package: array 2023/10/16 v2.5g Tabular extension package (FMi)
\col@sep=\dimen186
\ar@mcellbox=\box63
\extrarowheight=\dimen187
\NC@list=\toks37
\extratabsurround=\skip77
\backup@length=\skip78
\ar@cellbox=\box64
) (c:/Users/ahmet/AppData/Roaming/TinyTeX/texmf-dist/tex/latex/multirow/multirow.sty
Package: multirow 2021/03/15 v2.8 Span multiple rows of a table
\multirow@colwidth=\skip79
\multirow@cntb=\count311
\multirow@dima=\skip80
\bigstrutjot=\dimen188
) (c:/Users/ahmet/AppData/Roaming/TinyTeX/texmf-dist/tex/latex/wrapfig/wrapfig.sty
\wrapoverhang=\dimen189
\WF@size=\dimen190
\c@WF@wrappedlines=\count312
\WF@box=\box65
\WF@everypar=\toks38
Package: wrapfig 2003/01/31  v 3.6
) (c:/Users/ahmet/AppData/Roaming/TinyTeX/texmf-dist/tex/latex/colortbl/colortbl.sty
Package: colortbl 2024/02/20 v1.0g Color table columns (DPC)
\everycr=\toks39
\minrowclearance=\skip81
\rownum=\count313
) (c:/Users/ahmet/AppData/Roaming/TinyTeX/texmf-dist/tex/latex/pdflscape/pdflscape.sty
Package: pdflscape 2022-10-27 v0.13 Display of landscape pages in PDF
(c:/Users/ahmet/AppData/Roaming/TinyTeX/texmf-dist/tex/latex/pdflscape/pdflscape-nometadata.sty
Package: pdflscape-nometadata 2022-10-28 v0.13 Display of landscape pages in PDF (HO)
(c:/Users/ahmet/AppData/Roaming/TinyTeX/texmf-dist/tex/latex/graphics/lscape.sty
Package: lscape 2020/05/28 v3.02 Landscape Pages (DPC)
)
Package pdflscape Info: Auto-detected driver: pdftex on input line 81.
)) (c:/Users/ahmet/AppData/Roaming/TinyTeX/texmf-dist/tex/latex/tabu/tabu.sty
Package: tabu 2019/01/11 v2.9 - flexible LaTeX tabulars (FC+tabu-fixed)
(c:/Users/ahmet/AppData/Roaming/TinyTeX/texmf-dist/tex/latex/varwidth/varwidth.sty
Package: varwidth 2009/03/30 ver 0.92;  Variable-width minipages
\@vwid@box=\box66
\sift@deathcycles=\count314
\@vwid@loff=\dimen191
\@vwid@roff=\dimen192
)
\c@taburow=\count315
\tabu@nbcols=\count316
\tabu@cnt=\count317
\tabu@Xcol=\count318
\tabu@alloc=\count319
\tabu@nested=\count320
\tabu@target=\dimen193
\tabu@spreadtarget=\dimen194
\tabu@naturalX=\dimen195
\tabucolX=\dimen196
\tabu@Xsum=\dimen197
\extrarowdepth=\dimen198
\abovetabulinesep=\dimen199
\belowtabulinesep=\dimen256
\tabustrutrule=\dimen257
\tabu@thebody=\toks40
\tabu@footnotes=\toks41
\tabu@box=\box67
\tabu@arstrutbox=\box68
\tabu@hleads=\box69
\tabu@vleads=\box70
\tabu@cellskip=\skip82
) (c:/Users/ahmet/AppData/Roaming/TinyTeX/texmf-dist/tex/latex/threeparttable/threeparttable.sty
Package: threeparttable 2003/06/13  v 3.0
\@tempboxb=\box71
) (c:/Users/ahmet/AppData/Roaming/TinyTeX/texmf-dist/tex/latex/threeparttablex/threeparttablex.sty
Package: threeparttablex 2013/07/23 v0.3 by daleif
(c:/Users/ahmet/AppData/Roaming/TinyTeX/texmf-dist/tex/latex/environ/environ.sty
Package: environ 2014/05/04 v0.3 A new way to define environments
(c:/Users/ahmet/AppData/Roaming/TinyTeX/texmf-dist/tex/latex/trimspaces/trimspaces.sty
Package: trimspaces 2009/09/17 v1.1 Trim spaces around a token list
))
\TPTL@width=\skip83
) (c:/Users/ahmet/AppData/Roaming/TinyTeX/texmf-dist/tex/generic/ulem/ulem.sty
\UL@box=\box72
\UL@hyphenbox=\box73
\UL@skip=\skip84
\UL@hook=\toks42
\UL@height=\dimen258
\UL@pe=\count321
\UL@pixel=\dimen259
\ULC@box=\box74
Package: ulem 2019/11/18
\ULdepth=\dimen260
) (c:/Users/ahmet/AppData/Roaming/TinyTeX/texmf-dist/tex/latex/makecell/makecell.sty
Package: makecell 2009/08/03 V0.1e Managing of Tab Column Heads and Cells
\rotheadsize=\dimen261
\c@nlinenum=\count322
\TeXr@lab=\toks43
) (c:/Users/ahmet/AppData/Roaming/TinyTeX/texmf-dist/tex/latex/xcolor/xcolor.sty
Package: xcolor 2023/11/15 v3.01 LaTeX color extensions (UK)
(c:/Users/ahmet/AppData/Roaming/TinyTeX/texmf-dist/tex/latex/graphics-cfg/color.cfg
File: color.cfg 2016/01/02 v1.6 sample color configuration
)
Package xcolor Info: Driver file: pdftex.def on input line 274.
LaTeX Info: Redefining \color on input line 758.
(c:/Users/ahmet/AppData/Roaming/TinyTeX/texmf-dist/tex/latex/graphics/mathcolor.ltx)
Package xcolor Info: Model `cmy' substituted by `cmy0' on input line 1350.
Package xcolor Info: Model `hsb' substituted by `rgb' on input line 1354.
Package xcolor Info: Model `RGB' extended on input line 1366.
Package xcolor Info: Model `HTML' substituted by `rgb' on input line 1368.
Package xcolor Info: Model `Hsb' substituted by `hsb' on input line 1369.
Package xcolor Info: Model `tHsb' substituted by `hsb' on input line 1370.
Package xcolor Info: Model `HSB' substituted by `hsb' on input line 1371.
Package xcolor Info: Model `Gray' substituted by `gray' on input line 1372.
Package xcolor Info: Model `wave' substituted by `hsb' on input line 1373.
)
LaTeX Font Info:    Trying to load font information for T1+lmr on input line 180.
(c:/Users/ahmet/AppData/Roaming/TinyTeX/texmf-dist/tex/latex/lm/t1lmr.fd
File: t1lmr.fd 2015/05/01 v1.6.1 Font defs for Latin Modern
) (c:/Users/ahmet/AppData/Roaming/TinyTeX/texmf-dist/tex/latex/l3backend/l3backend-pdftex.def
File: l3backend-pdftex.def 2024-04-11 L3 backend support: PDF output (pdfTeX)
\l__color_backend_stack_int=\count323
\l__pdf_internal_box=\box75
) (./BP_Rapor.aux)
\openout1 = `BP_Rapor.aux'.

LaTeX Font Info:    Checking defaults for OML/cmm/m/it on input line 180.
LaTeX Font Info:    ... okay on input line 180.
LaTeX Font Info:    Checking defaults for OMS/cmsy/m/n on input line 180.
LaTeX Font Info:    ... okay on input line 180.
LaTeX Font Info:    Checking defaults for OT1/cmr/m/n on input line 180.
LaTeX Font Info:    ... okay on input line 180.
LaTeX Font Info:    Checking defaults for T1/cmr/m/n on input line 180.
LaTeX Font Info:    ... okay on input line 180.
LaTeX Font Info:    Checking defaults for TS1/cmr/m/n on input line 180.
LaTeX Font Info:    ... okay on input line 180.
LaTeX Font Info:    Checking defaults for OMX/cmex/m/n on input line 180.
LaTeX Font Info:    ... okay on input line 180.
LaTeX Font Info:    Checking defaults for U/cmr/m/n on input line 180.
LaTeX Font Info:    ... okay on input line 180.
LaTeX Font Info:    Checking defaults for PD1/pdf/m/n on input line 180.
LaTeX Font Info:    ... okay on input line 180.
LaTeX Font Info:    Checking defaults for PU/pdf/m/n on input line 180.
LaTeX Font Info:    ... okay on input line 180.
LaTeX Info: Redefining \microtypecontext on input line 180.
Package microtype Info: Applying patch `item' on input line 180.
Package microtype Info: Applying patch `toc' on input line 180.
Package microtype Info: Applying patch `eqnum' on input line 180.
Package microtype Info: Applying patch `footnote' on input line 180.
Package microtype Info: Applying patch `verbatim' on input line 180.
Package microtype Info: Generating PDF output.
Package microtype Info: Character protrusion enabled (level 2).
Package microtype Info: Using protrusion set `basicmath'.
Package microtype Info: Automatic font expansion enabled (level 2),
(microtype)             stretch: 20, shrink: 20, step: 1, non-selected.
Package microtype Info: Using default expansion set `alltext-nott'.
LaTeX Info: Redefining \showhyphens on input line 180.
Package microtype Info: No adjustment of tracking.
Package microtype Info: No adjustment of interword spacing.
Package microtype Info: No adjustment of character kerning.
(c:/Users/ahmet/AppData/Roaming/TinyTeX/texmf-dist/tex/latex/microtype/mt-cmr.cfg
File: mt-cmr.cfg 2013/05/19 v2.2 microtype config. file: Computer Modern Roman (RS)
) (c:/Users/ahmet/AppData/Roaming/TinyTeX/texmf-dist/tex/latex/epstopdf-pkg/epstopdf-base.sty
Package: epstopdf-base 2020-01-24 v2.11 Base part for package epstopdf
Package epstopdf-base Info: Redefining graphics rule for `.eps' on input line 485.
(c:/Users/ahmet/AppData/Roaming/TinyTeX/texmf-dist/tex/latex/latexconfig/epstopdf-sys.cfg
File: epstopdf-sys.cfg 2010/07/13 v1.3 Configuration of (r)epstopdf for TeX Live
))
Package hyperref Info: Link coloring OFF on input line 180.
(./BP_Rapor.out) (./BP_Rapor.out)
\@outlinefile=\write4
\openout4 = `BP_Rapor.out'.

Package caption Info: Begin \AtBeginDocument code.
Package caption Info: threeparttable package is loaded.
Package caption Info: wrapfig package is loaded.
Package caption Info: End \AtBeginDocument code.
LaTeX Font Info:    Trying to load font information for OT1+lmr on input line 184.
(c:/Users/ahmet/AppData/Roaming/TinyTeX/texmf-dist/tex/latex/lm/ot1lmr.fd
File: ot1lmr.fd 2015/05/01 v1.6.1 Font defs for Latin Modern
)
LaTeX Font Info:    Trying to load font information for OML+lmm on input line 184.
(c:/Users/ahmet/AppData/Roaming/TinyTeX/texmf-dist/tex/latex/lm/omllmm.fd
File: omllmm.fd 2015/05/01 v1.6.1 Font defs for Latin Modern
)
LaTeX Font Info:    Trying to load font information for OMS+lmsy on input line 184.
(c:/Users/ahmet/AppData/Roaming/TinyTeX/texmf-dist/tex/latex/lm/omslmsy.fd
File: omslmsy.fd 2015/05/01 v1.6.1 Font defs for Latin Modern
)
LaTeX Font Info:    Trying to load font information for OMX+lmex on input line 184.
(c:/Users/ahmet/AppData/Roaming/TinyTeX/texmf-dist/tex/latex/lm/omxlmex.fd
File: omxlmex.fd 2015/05/01 v1.6.1 Font defs for Latin Modern
)
LaTeX Font Info:    External font `lmex10' loaded for size
(Font)              <12> on input line 184.
LaTeX Font Info:    External font `lmex10' loaded for size
(Font)              <8> on input line 184.
LaTeX Font Info:    External font `lmex10' loaded for size
(Font)              <6> on input line 184.
LaTeX Font Info:    Trying to load font information for U+lasy on input line 184.
(c:/Users/ahmet/AppData/Roaming/TinyTeX/texmf-dist/tex/latex/base/ulasy.fd
File: ulasy.fd 1998/08/17 v2.2e LaTeX symbol font definitions
)
LaTeX Font Info:    Trying to load font information for U+msa on input line 184.
(c:/Users/ahmet/AppData/Roaming/TinyTeX/texmf-dist/tex/latex/amsfonts/umsa.fd
File: umsa.fd 2013/01/14 v3.01 AMS symbols A
) (c:/Users/ahmet/AppData/Roaming/TinyTeX/texmf-dist/tex/latex/microtype/mt-msa.cfg
File: mt-msa.cfg 2006/02/04 v1.1 microtype config. file: AMS symbols (a) (RS)
)
LaTeX Font Info:    Trying to load font information for U+msb on input line 184.
(c:/Users/ahmet/AppData/Roaming/TinyTeX/texmf-dist/tex/latex/amsfonts/umsb.fd
File: umsb.fd 2013/01/14 v3.01 AMS symbols B
) (c:/Users/ahmet/AppData/Roaming/TinyTeX/texmf-dist/tex/latex/microtype/mt-msb.cfg
File: mt-msb.cfg 2005/06/01 v1.0 microtype config. file: AMS symbols (b) (RS)
) [1
Non-PDF special ignored!
<special> !% DEU LaTeX Thesis Class 2018/11/24
Non-PDF special ignored!
<special> rawpostscript % DEU LaTeX Thesis Class 2018/11/24


{c:/Users/ahmet/AppData/Roaming/TinyTeX/texmf-var/fonts/map/pdftex/updmap/pdftex.map}{c:/Users/ahmet/AppData/Roaming/TinyTeX/texmf-dist/fonts/enc/dvips/lm/lm-ec.enc}] [2

] [1

] [2


]
Underfull \hbox (badness 10000) in paragraph at lines 194--201

 []

[3] [4


]
Underfull \hbox (badness 10000) in paragraph at lines 203--205

 []

[5] [6


]
Underfull \hbox (badness 10000) in paragraph at lines 209--211

 []

[7] [8


] (./BP_Rapor.toc)
\tf@toc=\write5
\openout5 = `BP_Rapor.toc'.

[9] [10

] (./BP_Rapor.lot)
\tf@lot=\write6
\openout6 = `BP_Rapor.lot'.

[11] [12

] (./BP_Rapor.lof)
\tf@lof=\write7
\openout7 = `BP_Rapor.lof'.

\cslhangindent=\skip85
\csllabelwidth=\skip86
[13{c:/Users/ahmet/AppData/Roaming/TinyTeX/texmf-dist/fonts/enc/dvips/lm/lm-mathit.enc}{c:/Users/ahmet/AppData/Roaming/TinyTeX/texmf-dist/fonts/enc/dvips/lm/lm-rm.enc}] [14

]
pdfTeX warning (ext4): destination with the same identifier (name{page.1}) has been already used, duplicate ignored
<to be read again> 
                   \relax 
l.271 \chapter
              {Değişim Noktası}\label{Bolum2} [1

]
pdfTeX warning (ext4): destination with the same identifier (name{page.2}) has been already used, duplicate ignored
<to be read again> 
                   \relax 
l.271 \chapter
              {Değişim Noktası}\label{Bolum2} [2

]
B\"ol\"um 1.

Underfull \vbox (badness 10000) has occurred while \output is active []

[3] [4{c:/Users/ahmet/AppData/Roaming/TinyTeX/texmf-dist/fonts/enc/dvips/lm/lm-mathsy.enc}]
LaTeX Font Info:    Trying to load font information for TS1+lmr on input line 319.
(c:/Users/ahmet/AppData/Roaming/TinyTeX/texmf-dist/tex/latex/lm/ts1lmr.fd
File: ts1lmr.fd 2015/05/01 v1.6.1 Font defs for Latin Modern
) [5{c:/Users/ahmet/AppData/Roaming/TinyTeX/texmf-dist/fonts/enc/dvips/lm/lm-mathex.enc}{c:/Users/ahmet/AppData/Roaming/TinyTeX/texmf-dist/fonts/enc/dvips/lm/lm-ts1.enc}] [6] [7]

LaTeX Warning: Command \c invalid in math mode on input line 374.


LaTeX Warning: Command \c invalid in math mode on input line 406.

[8] [9] [10] [11] [12]
<figure/cover.png, id=318, 1216.545pt x 1306.8825pt>
File: figure/cover.png Graphic file (type png)
<use figure/cover.png>
Package pdftex.def Info: figure/cover.png  used on input line 538.
(pdftex.def)             Requested size: 401.49821pt x 401.50006pt.
[13 <./figure/cover.png>]

LaTeX Warning: Command \u invalid in math mode on input line 560.

<figure/conmat.png, id=323, 716.6775pt x 218.8175pt>
File: figure/conmat.png Graphic file (type png)
<use figure/conmat.png>
Package pdftex.def Info: figure/conmat.png  used on input line 566.
(pdftex.def)             Requested size: 358.34882pt x 109.40848pt.

Underfull \vbox (badness 2894) has occurred while \output is active []

[14] [15 <./figure/conmat.png>] [16

]
B\"ol\"um 2.
LaTeX Font Info:    Trying to load font information for T1+lmtt on input line 593.
(c:/Users/ahmet/AppData/Roaming/TinyTeX/texmf-dist/tex/latex/lm/t1lmtt.fd
File: t1lmtt.fd 2015/05/01 v1.6.1 Font defs for Latin Modern
) [17]
LaTeX Font Info:    Trying to load font information for TS1+lmtt on input line 641.
(c:/Users/ahmet/AppData/Roaming/TinyTeX/texmf-dist/tex/latex/lm/ts1lmtt.fd
File: ts1lmtt.fd 2015/05/01 v1.6.1 Font defs for Latin Modern
)
LaTeX Font Info:    External font `lmex10' loaded for size
(Font)              <5> on input line 648.
[18] [19] [20] [21]
Overfull \hbox (14.11967pt too wide) detected at line 830
[]
 []

[22] [23] [24]
Overfull \hbox (14.11967pt too wide) detected at line 979
[]
 []

<figure/vepetco2.png, id=383, 606.265pt x 449.68pt>
File: figure/vepetco2.png Graphic file (type png)
<use figure/vepetco2.png>
Package pdftex.def Info: figure/vepetco2.png  used on input line 1007.
(pdftex.def)             Requested size: 303.13176pt x 228.85345pt.
[25] [26 <./figure/vepetco2.png>]
Overfull \hbox (14.11967pt too wide) detected at line 1086
[]
 []

[27]
<figure/anasayfa.png, id=398, 2366.8425pt x 1296.845pt>
File: figure/anasayfa.png Graphic file (type png)
<use figure/anasayfa.png>
Package pdftex.def Info: figure/anasayfa.png  used on input line 1103.
(pdftex.def)             Requested size: 401.49115pt x 200.75165pt.

Underfull \vbox (badness 10000) has occurred while \output is active []

[28]
<figure/sim.png, id=403, 2029.5825pt x 1238.6275pt>
File: figure/sim.png Graphic file (type png)
<use figure/sim.png>
Package pdftex.def Info: figure/sim.png  used on input line 1109.
(pdftex.def)             Requested size: 401.48076pt x 200.73593pt.
[29 <./figure/anasayfa.png> <./figure/sim.png>]
<figure/veriyükleme.png, id=410, 2575.6225pt x 1268.74pt>
File: figure/veriyükleme.png Graphic file (type png)
<use figure/veriyükleme.png>
Package pdftex.def Info: figure/veriyükleme.png  used on input line 1130.
(pdftex.def)             Requested size: 401.49681pt x 200.73749pt.
[30 <./figure/veriyükleme.png>] [31] [32

]
B\"ol\"um 3.
[33] [34

]
Underfull \vbox (badness 10000) has occurred while \output is active []

[35] [36] (./BP_Rapor.aux)
 ***********
LaTeX2e <2023-11-01> patch level 1
L3 programming layer <2024-04-11>
 ***********
Package rerunfilecheck Info: File `BP_Rapor.out' has not changed.
(rerunfilecheck)             Checksum: 26A26894A71897616B26A2DABEADB8BC;3871.
 ) 
Here is how much of TeX's memory you used:
 18071 strings out of 475940
 297611 string characters out of 5787186
 1949754 words of memory out of 5000000
 39605 multiletter control sequences out of 15000+600000
 622491 words of font info for 168 fonts, out of 8000000 for 9000
 36 hyphenation exceptions out of 8191
 75i,12n,79p,1305b,590s stack positions out of 10000i,1000n,20000p,200000b,200000s
<c:/Users/ahmet/AppData/Roaming/TinyTeX/texmf-dist/fonts/type1/public/lm/lmbx12.pfb><c:/Users/ahmet/AppData/Roaming/TinyTeX/texmf-dist/fonts/type1/public/lm/lmex10.pfb><c:/Users/ahmet/AppData/Roaming/TinyTeX/texmf-dist/fonts/type1/public/lm/lmmi12.pfb><c:/Users/ahmet/AppData/Roaming/TinyTeX/texmf-dist/fonts/type1/public/lm/lmmi6.pfb><c:/Users/ahmet/AppData/Roaming/TinyTeX/texmf-dist/fonts/type1/public/lm/lmmi8.pfb><c:/Users/ahmet/AppData/Roaming/TinyTeX/texmf-dist/fonts/type1/public/lm/lmr12.pfb><c:/Users/ahmet/AppData/Roaming/TinyTeX/texmf-dist/fonts/type1/public/lm/lmr6.pfb><c:/Users/ahmet/AppData/Roaming/TinyTeX/texmf-dist/fonts/type1/public/lm/lmr8.pfb><c:/Users/ahmet/AppData/Roaming/TinyTeX/texmf-dist/fonts/type1/public/lm/lmri12.pfb><c:/Users/ahmet/AppData/Roaming/TinyTeX/texmf-dist/fonts/type1/public/lm/lmro12.pfb><c:/Users/ahmet/AppData/Roaming/TinyTeX/texmf-dist/fonts/type1/public/lm/lmsy10.pfb><c:/Users/ahmet/AppData/Roaming/TinyTeX/texmf-dist/fonts/type1/public/lm/lmsy6.pfb><c:/Users/ahmet/AppData/Roaming/TinyTeX/texmf-dist/fonts/type1/public/lm/lmsy8.pfb><c:/Users/ahmet/AppData/Roaming/TinyTeX/texmf-dist/fonts/type1/public/lm/lmtt12.pfb><c:/Users/ahmet/AppData/Roaming/TinyTeX/texmf-dist/fonts/type1/public/amsfonts/symbols/msbm10.pfb>
Output written on BP_Rapor.pdf (52 pages, 1884212 bytes).
PDF statistics:
 571 PDF objects out of 1000 (max. 8388607)
 467 compressed objects within 5 object streams
 130 named destinations out of 1000 (max. 500000)
 35055 words of extra memory for PDF output out of 35830 (max. 10000000)

